<?xml version="1.0" encoding="UTF-8"?>
<!-- Generated by org.testng.reporters.JUnitReportReporter -->
<testsuite skipped="0" hostname="DESKTOP-88R4V1U" name="Celfar.NewTest" tests="1" failures="0" timestamp="03 Sep 2017 22:11:11 GMT" time="2.454" errors="0">
  <testcase name="f" time="2.454" classname="Celfar.NewTest"/>
</testsuite> <!-- Celfar.NewTest -->
